<?xml version="1.0" encoding="UTF-8"?>
<testng-results skipped="0" failed="1" ignored="0" total="1" passed="0">
  <reporter-output>
  </reporter-output>
  <suite name="Default suite" duration-ms="15251" started-at="2022-02-18T16:48:31 IST" finished-at="2022-02-18T16:48:47 IST">
    <groups>
      <group name="cucumber">
        <method signature="AbstractTestNGCucumberTests.runScenario(io.cucumber.testng.PickleWrapper,io.cucumber.testng.FeatureWrapper)[pri:0, instance:cucumberoptions.FailedTestngTestRunner@5a4041cc]" name="runScenario" class="io.cucumber.testng.AbstractTestNGCucumberTests"/>
      </group> <!-- cucumber -->
    </groups>
    <test name="Default test" duration-ms="15251" started-at="2022-02-18T16:48:31 IST" finished-at="2022-02-18T16:48:47 IST">
      <class name="cucumberoptions.FailedTestngTestRunner">
        <test-method status="PASS" signature="setUpClass(org.testng.ITestContext)[pri:0, instance:cucumberoptions.FailedTestngTestRunner@5a4041cc]" name="setUpClass" is-config="true" duration-ms="938" started-at="2022-02-18T16:48:32 IST" finished-at="2022-02-18T16:48:32 IST">
          <params>
            <param index="0">
              <value>
                <![CDATA[org.testng.TestRunner@2cac4385]]>
              </value>
            </param>
          </params>
          <reporter-output>
          </reporter-output>
        </test-method> <!-- setUpClass -->
        <test-method status="FAIL" signature="runScenario(io.cucumber.testng.PickleWrapper,io.cucumber.testng.FeatureWrapper)[pri:0, instance:cucumberoptions.FailedTestngTestRunner@5a4041cc]" name="runScenario" duration-ms="13735" started-at="2022-02-18T16:48:32 IST" description="Runs Cucumber Scenarios" data-provider="scenarios" finished-at="2022-02-18T16:48:46 IST">
          <params>
            <param index="0">
              <value>
                <![CDATA[": Seearch Exprience for the product search in both home and offes page"]]>
              </value>
            </param>
            <param index="1">
              <value>
                <![CDATA["Optional[Search and Place the order for Products]"]]>
              </value>
            </param>
          </params>
          <exception class="java.lang.AssertionError">
            <message>
              <![CDATA[expected [Beetroot] but found [No data]]]>
            </message>
            <full-stacktrace>
              <![CDATA[java.lang.AssertionError: expected [Beetroot] but found [No data]
at org.testng.Assert.fail(Assert.java:99)
at org.testng.Assert.failNotEquals(Assert.java:1037)
at org.testng.Assert.assertEqualsImpl(Assert.java:140)
at org.testng.Assert.assertEquals(Assert.java:122)
at org.testng.Assert.assertEquals(Assert.java:629)
at org.testng.Assert.assertEquals(Assert.java:639)
at stepdefinitions.OfferPageStepDefinitions.validate_product_name_in_offers_page_matches_with_landing_page(OfferPageStepDefinitions.java:51)
at âœ½.validate product name in offers page matches with Landing Page(file:///D:/Jsumit/CucumberFramework/src/test/java/features/searchProduct.feature:11)
]]>
            </full-stacktrace>
          </exception> <!-- java.lang.AssertionError -->
          <reporter-output>
          </reporter-output>
        </test-method> <!-- runScenario -->
        <test-method status="PASS" signature="tearDownClass()[pri:0, instance:cucumberoptions.FailedTestngTestRunner@5a4041cc]" name="tearDownClass" is-config="true" duration-ms="530" started-at="2022-02-18T16:48:46 IST" finished-at="2022-02-18T16:48:47 IST">
          <reporter-output>
          </reporter-output>
        </test-method> <!-- tearDownClass -->
      </class> <!-- cucumberoptions.FailedTestngTestRunner -->
    </test> <!-- Default test -->
  </suite> <!-- Default suite -->
</testng-results>
