<?xml version="1.0" encoding="UTF-8"?>
<!-- Generated by org.testng.reporters.JUnitReportReporter -->
<testsuite skipped="0" hostname="DESKTOP-5JOCHJR" name="cucumberoptions.TestngTestRunner" tests="4" failures="1" timestamp="2022-02-18T16:21:01 IST" time="198.321" errors="0">
  <testcase name="runScenario" time="48.406" classname="cucumberoptions.TestngTestRunner"/>
  <system-out/>
  <testcase name="runScenario" time="50.006" classname="cucumberoptions.TestngTestRunner"/>
  <system-out/>
  <testcase name="runScenario" time="50.582" classname="cucumberoptions.TestngTestRunner"/>
  <system-out/>
  <testcase name="runScenario" time="49.327" classname="cucumberoptions.TestngTestRunner">
    <failure type="java.lang.AssertionError" message="expected [Beetroot] but found [No data]">
      <![CDATA[java.lang.AssertionError: expected [Beetroot] but found [No data]
at org.testng.Assert.fail(Assert.java:99)
at org.testng.Assert.failNotEquals(Assert.java:1037)
at org.testng.Assert.assertEqualsImpl(Assert.java:140)
at org.testng.Assert.assertEquals(Assert.java:122)
at org.testng.Assert.assertEquals(Assert.java:629)
at org.testng.Assert.assertEquals(Assert.java:639)
at stepdefinitions.OfferPageStepDefinitions.validate_product_name_in_offers_page_matches_with_landing_page(OfferPageStepDefinitions.java:51)
at âœ½.validate product name in offers page matches with Landing Page(file:///D:/Jsumit/CucumberFramework/src/test/java/features/searchProduct.feature:10)
]]>
    </failure>
  </testcase> <!-- runScenario -->
  <system-out/>
</testsuite> <!-- cucumberoptions.TestngTestRunner -->
